<?xml version="1.0" encoding="UTF-8"?>
<!-- Generated by org.testng.reporters.JUnitReportReporter -->
<testsuite hostname="LAPTOP-V6LRI7RE" failures="0" tests="1" name="Runner.forrunner" time="3.964" errors="0" timestamp="2024-03-15T14:48:06 IST" skipped="0">
  <testcase classname="Runner.forrunner" name="runScenario" time="3.964"/>
  <system-out/>
</testsuite> <!-- Runner.forrunner -->
